#
# A fatal error has been detected by the Java Runtime Environment:
#
#  Internal Error (classFileParser.cpp:3174), pid=4780, tid=4624
#  Error: ShouldNotReachHere()
#
# JRE version: 6.0_20-b02
# Java VM: Java HotSpot(TM) Client VM (16.3-b01 mixed mode windows-x86 )
# If you would like to submit a bug report, please visit:
#   http://java.sun.com/webapps/bugreport/crash.jsp
#

---------------  T H R E A D  ---------------

Current thread (0x02439000):  JavaThread "Unknown thread" [_thread_in_vm, id=4624, stack(0x00210000,0x00260000)]

Stack: [0x00210000,0x00260000],  sp=0x0025f880,  free space=13e0025f890k
Native frames: (J=compiled Java code, j=interpreted, Vv=VM code, C=native code)
V  [jvm.dll+0x1f4180]
V  [jvm.dll+0xa1e29]
V  [jvm.dll+0x74a41]
V  [jvm.dll+0x760e4]
V  [jvm.dll+0x1c26a5]
V  [jvm.dll+0x1c2ddd]
V  [jvm.dll+0x1c3195]
V  [jvm.dll+0x1c31db]
V  [jvm.dll+0x1c3302]
V  [jvm.dll+0x1c337a]
V  [jvm.dll+0x1c382d]
V  [jvm.dll+0x1c3c32]
V  [jvm.dll+0x1e40b3]
V  [jvm.dll+0x1e448c]
V  [jvm.dll+0xd89c1]
V  [jvm.dll+0x1ddcd8]
V  [jvm.dll+0x102e10]
C  [javaw.exe+0x1657]
C  [javaw.exe+0x1e2c]
C  [javaw.exe+0x8614]
C  [kernel32.dll+0x13677]
C  [ntdll.dll+0x39d72]
C  [ntdll.dll+0x39d45]


---------------  P R O C E S S  ---------------

Java Threads: ( => current thread )

Other Threads:

=>0x02439000 (exited) JavaThread "Unknown thread" [_thread_in_vm, id=4624, stack(0x00210000,0x00260000)]

VM state:not at safepoint (not fully initialized)

VM Mutex/Monitor currently owned by a thread: None

Dynamic libraries:
0x00400000 - 0x00424000 	C:\Program Files (x86)\Java\jre6\bin\javaw.exe
0x771a0000 - 0x77320000 	C:\Windows\SysWOW64\ntdll.dll
0x75370000 - 0x75470000 	C:\Windows\syswow64\kernel32.dll
0x764c0000 - 0x76506000 	C:\Windows\syswow64\KERNELBASE.dll
0x76840000 - 0x768e0000 	C:\Windows\syswow64\ADVAPI32.dll
0x763e0000 - 0x7648c000 	C:\Windows\syswow64\msvcrt.dll
0x76640000 - 0x76659000 	C:\Windows\SysWOW64\sechost.dll
0x74940000 - 0x74a30000 	C:\Windows\syswow64\RPCRT4.dll
0x74890000 - 0x748f0000 	C:\Windows\syswow64\SspiCli.dll
0x74880000 - 0x7488c000 	C:\Windows\syswow64\CRYPTBASE.dll
0x76540000 - 0x76640000 	C:\Windows\syswow64\USER32.dll
0x74cd0000 - 0x74d60000 	C:\Windows\syswow64\GDI32.dll
0x76160000 - 0x7616a000 	C:\Windows\syswow64\LPK.dll
0x75240000 - 0x752dd000 	C:\Windows\syswow64\USP10.dll
0x74b50000 - 0x74bb0000 	C:\Windows\system32\IMM32.DLL
0x74df0000 - 0x74ebc000 	C:\Windows\syswow64\MSCTF.dll
0x7c340000 - 0x7c396000 	C:\Program Files (x86)\Java\jre6\bin\msvcr71.dll
0x6d800000 - 0x6da97000 	C:\Program Files (x86)\Java\jre6\bin\client\jvm.dll
0x72ad0000 - 0x72b02000 	C:\Windows\system32\WINMM.dll
0x72dc0000 - 0x72e0b000 	C:\Windows\system32\apphelp.dll
0x6d7b0000 - 0x6d7bc000 	C:\Program Files (x86)\Java\jre6\bin\verify.dll
0x6d330000 - 0x6d34f000 	C:\Program Files (x86)\Java\jre6\bin\java.dll
0x6d290000 - 0x6d298000 	C:\Program Files (x86)\Java\jre6\bin\hpi.dll
0x763d0000 - 0x763d5000 	C:\Windows\syswow64\PSAPI.DLL
0x6d7f0000 - 0x6d7ff000 	C:\Program Files (x86)\Java\jre6\bin\zip.dll

VM Arguments:
jvm_args: -Dfile.encoding=Cp1252 -Xbootclasspath:E:\IT\android-sdk\platforms\android-8\android.jar 
java_command: com.fkysoft.GsonTest
Launcher Type: SUN_STANDARD

Environment Variables:
PATH=C:/Program Files (x86)/Java/jre6/bin/client;C:/Program Files (x86)/Java/jre6/bin;C:/Program Files (x86)/Java/jre6/lib/i386;C:\Windows\system32;C:\Windows;C:\Windows\System32\Wbem;C:\Windows\System32\WindowsPowerShell\v1.0\;C:\Program Files\TortoiseSVN\bin;C:\Program Files (x86)\Microsoft SQL Server\100\Tools\Binn\;C:\Program Files\Microsoft SQL Server\100\Tools\Binn\;C:\Program Files\Microsoft SQL Server\100\DTS\Binn\;C:\Program Files (x86)\Microsoft SQL Server\100\Tools\Binn\VSShell\Common7\IDE\;C:\Program Files (x86)\Microsoft SQL Server\100\DTS\Binn\;C:\Program Files (x86)\Microsoft Visual Studio 9.0\Common7\IDE\PrivateAssemblies\;E:\IT\1.Java\All Eclipse Ver\eclipse indigo;
USERNAME=ThangND
OS=Windows_NT
PROCESSOR_IDENTIFIER=Intel64 Family 6 Model 37 Stepping 2, GenuineIntel



---------------  S Y S T E M  ---------------

OS: Windows 7 Build 7600 

CPU:total 4 (8 cores per cpu, 2 threads per core) family 6 model 37 stepping 2, cmov, cx8, fxsr, mmx, sse, sse2, sse3, ssse3, sse4.1, sse4.2, popcnt, ht

Memory: 4k page, physical 3988328k(1535904k free), swap 7974760k(4968300k free)

vm_info: Java HotSpot(TM) Client VM (16.3-b01) for windows-x86 JRE (1.6.0_20-b02), built on Apr 12 2010 13:52:23 by "java_re" with MS VC++ 7.1 (VS2003)

time: Sun Aug 19 18:54:56 2012
elapsed time: 0 seconds

